# OpTrack Incremental Run Summary
# Started at Fri May 30 07:00:54 EDT 2025
# Output directory: output/db

Site: umich
  - Database: output/db/umich_grants.json
  - Initial grant count: 38

Site: umms
  - Database: output/db/umms_grants.json
  - Initial grant count: 49

// Copied scan_log.txt and grant_summary.txt to log directory
Results for umich:
  - Final grant count: 38
  - New grants found: 0
  - Removed grants: 0

Results for umms:
  - Final grant count: 49
  - New grants found: 0
  - Removed grants: 0

===== Overall Summary =====
Total new grants found: 0
Total removed grants: 0
Changes detected: No
Completed at: Fri May 30 10:11:23 EDT 2025
=== Database Changes ===
No new grants found in this scan.

=== Run Completed ===
End Time: 2025-05-30 10:11:23

=== Database Summary ===
=== OpTrack Database Statistics ===
Time: 2025-05-30 10:11:23
Environment: production

=== Summary ===
Total Sites: 2
Total Grants: 87
Total Seen IDs: 106
New Grants (Last Pull): 0
Pending Details: 19 (IDs seen but not in database)
Last Updated: 2025-05-12 12:45:34

=== Site Details ===
Site: umich
  Database Format: append_only
  Grants in Database: 38
  Seen IDs: 49
  Pending Details: 11 (IDs seen but not in database)
  Latest Pull:
    Total Found: 38
    New Grants: 0
    Timestamp: 2025-05-12 12:45:34
  Last Updated: 2025-05-12 12:45:34
  Storage (KB):
    Legacy JSON: 814.79
    JSONL Data: 970.17
    Index: 1.0
    CSV: 814.76
    Total: 2600.71

Site: umms
  Database Format: append_only
  Grants in Database: 49
  Seen IDs: 57
  Pending Details: 8 (IDs seen but not in database)
  Latest Pull:
    Total Found: 49
    New Grants: 0
    Timestamp: 2025-05-10 07:16:58
  Last Updated: 2025-05-10 07:16:58
  Storage (KB):
    Legacy JSON: 1256.68
    JSONL Data: 1429.56
    Index: 1.15
    CSV: 1256.13
    Total: 3943.51


Total Duration: 03:10:30 (HH:MM:SS)
