# OpTrack Incremental Run Summary
# Started at Wed May 14 07:00:05 EDT 2025
# Output directory: output/db

Site: umich
  - Database: output/db/umich_grants.json
  - Initial grant count: 38

Site: umms
  - Database: output/db/umms_grants.json
  - Initial grant count: 49

// Copied scan_log.txt and grant_summary.txt to log directory
Results for umich:
  - Final grant count: 38
  - New grants found: 0
  - Removed grants: 0

Results for umms:
  - Final grant count: 49
  - New grants found: 0
  - Removed grants: 0

===== Overall Summary =====
Total new grants found: 0
Total removed grants: 0
Changes detected: No
Completed at: Wed May 14 07:00:40 EDT 2025
=== Database Changes ===
No new grants found in this scan.

=== Run Completed ===
End Time: 2025-05-14 07:00:40

=== Database Summary ===
=== OpTrack Database Statistics ===
Time: 2025-05-14 07:00:40
Environment: production

=== Summary ===
Total Sites: 2
Total Grants: 87
Total Seen IDs: 90
New Grants (Last Pull): 0
Pending Details: 3 (IDs seen but not in database)
Last Updated: 2025-05-12 12:45:34

=== Site Details ===
Site: umich
  Database Format: append_only
  Grants in Database: 38
  Seen IDs: 39
  Pending Details: 1 (IDs seen but not in database)
  Latest Pull:
    Total Found: 38
    New Grants: 0
    Timestamp: 2025-05-12 12:45:34
  Last Updated: 2025-05-12 12:45:34
  Storage (KB):
    Legacy JSON: 814.79
    JSONL Data: 826.47
    Index: 0.81
    CSV: 814.76
    Total: 2456.83

Site: umms
  Database Format: append_only
  Grants in Database: 49
  Seen IDs: 51
  Pending Details: 2 (IDs seen but not in database)
  Latest Pull:
    Total Found: 49
    New Grants: 0
    Timestamp: 2025-05-10 07:16:58
  Last Updated: 2025-05-10 07:16:58
  Storage (KB):
    Legacy JSON: 1256.68
    JSONL Data: 1296.36
    Index: 1.03
    CSV: 1256.13
    Total: 3810.2


Total Duration: 00:00:35 (HH:MM:SS)
