==== OpTrack Branch Merge ====
Date: 2025-05-07 17:04:24
From: origin/main
To: auto-updates
Number of commits to merge: 4

Merge made by the 'ort' strategy.
Merge succeeded

=== Merged Changes Summary ===
*   8818b76 Merge remote-tracking branch 'origin/main' into auto-updates (0 seconds ago)
|\  
| *   ae3daa2 Merge pull request #12 from tinalasisi/setup-cron (17 seconds ago)
| |\  
| | * 508f08e Merge branch 'main' into setup-cron (2 minutes ago)
| |/  
| * cc9a4fa Merge pull request #10 from tinalasisi/auto-updates (19 minutes ago)
| * 8206910 Update run_on_autoupdates.sh to create branch from main (20 minutes ago)
* fc9314f Complete OpTrack scan on 2025-05-07 (5 minutes ago)
* d3f9e5f Start OpTrack scan on 2025-05-07 (5 minutes ago)
* 818a85f Complete OpTrack scan on 2025-05-07 (8 minutes ago)
=== Files Changed ===
8818b76 Merge remote-tracking branch 'origin/main' into auto-updates

ae3daa2 Merge pull request #12 from tinalasisi/setup-cron

508f08e Merge branch 'main' into setup-cron

fc9314f Complete OpTrack scan on 2025-05-07
M	logs/scheduled_runs/auto-updates/run_20250507_165927.log
d3f9e5f Start OpTrack scan on 2025-05-07
A	logs/scheduled_runs/auto-updates/run_20250507_165927.log
818a85f Complete OpTrack scan on 2025-05-07
M	logs/scheduled_runs/auto-updates/run_20250507_165552.log
cc9a4fa Merge pull request #10 from tinalasisi/auto-updates

8206910 Update run_on_autoupdates.sh to create branch from main
M	scripts/run_on_autoupdates.sh
