==== OpTrack Branch Merge ====
Date: 2025-05-07 17:09:34
From: origin/main
To: auto-updates
Number of commits to merge: 1

Updating 82a5503..1168f5c
Fast-forward
Merge succeeded

=== Merged Changes Summary ===
* 1168f5c Merge pull request #14 from tinalasisi/auto-updates (75 seconds ago)
* 82a5503 Complete OpTrack scan on 2025-05-07 (3 minutes ago)
* 3837349 Start OpTrack scan on 2025-05-07 (3 minutes ago)
* 41bd428 Record successful merge from main on 2025-05-07 (3 minutes ago)
=== Files Changed ===
1168f5c Merge pull request #14 from tinalasisi/auto-updates

82a5503 Complete OpTrack scan on 2025-05-07
M	logs/scheduled_runs/auto-updates/run_20250507_170616.log
3837349 Start OpTrack scan on 2025-05-07
A	logs/scheduled_runs/auto-updates/run_20250507_170616.log
41bd428 Record successful merge from main on 2025-05-07
A	logs/merge_logs/auto-updates/merge_20250507_170616.log
