==== OpTrack Branch Merge ====
Date: 2025-05-07 17:06:18
From: origin/main
To: auto-updates
Number of commits to merge: 1

Updating fe7b16f..ca97573
Fast-forward
Merge succeeded

=== Merged Changes Summary ===
* ca97573 Merge pull request #13 from tinalasisi/auto-updates (15 seconds ago)
* fe7b16f Complete OpTrack scan on 2025-05-07 (80 seconds ago)
* 13a8fe9 Start OpTrack scan on 2025-05-07 (2 minutes ago)
* ea976e4 Record successful merge from main on 2025-05-07 (2 minutes ago)
* 8818b76 Merge remote-tracking branch 'origin/main' into auto-updates (2 minutes ago)
* fc9314f Complete OpTrack scan on 2025-05-07 (6 minutes ago)
* d3f9e5f Start OpTrack scan on 2025-05-07 (7 minutes ago)
* 818a85f Complete OpTrack scan on 2025-05-07 (10 minutes ago)
* a90f37a Start OpTrack scan on 2025-05-07 (10 minutes ago)
=== Files Changed ===
ca97573 Merge pull request #13 from tinalasisi/auto-updates

fe7b16f Complete OpTrack scan on 2025-05-07
M	logs/scheduled_runs/auto-updates/run_20250507_170423.log
13a8fe9 Start OpTrack scan on 2025-05-07
A	logs/scheduled_runs/auto-updates/run_20250507_170423.log
ea976e4 Record successful merge from main on 2025-05-07
A	logs/merge_logs/auto-updates/merge_20250507_170423.log
8818b76 Merge remote-tracking branch 'origin/main' into auto-updates

fc9314f Complete OpTrack scan on 2025-05-07
M	logs/scheduled_runs/auto-updates/run_20250507_165927.log
d3f9e5f Start OpTrack scan on 2025-05-07
A	logs/scheduled_runs/auto-updates/run_20250507_165927.log
818a85f Complete OpTrack scan on 2025-05-07
M	logs/scheduled_runs/auto-updates/run_20250507_165552.log
a90f37a Start OpTrack scan on 2025-05-07
A	logs/scheduled_runs/auto-updates/run_20250507_165552.log
