==== OpTrack Branch Merge ====
Date: 2025-05-08 07:13:57
From: origin/main
To: auto-updates
Number of commits to merge: 3

Merge made by the 'ort' strategy.
 LICENSE   |  21 ++++++++++++
 README.md | 108 +++++++++++++++++++++++++++++++++-----------------------------
 2 files changed, 79 insertions(+), 50 deletions(-)
 create mode 100644 LICENSE
Merge succeeded

=== Merged Changes Summary ===
*   bdb90af Merge remote-tracking branch 'origin/main' into auto-updates (0 seconds ago)
|\  
| * b3dd4ed Update license year to 2025 only (14 hours ago)
| * 5986848 Add MIT License (14 hours ago)
| * 3b60a95 Update README to reflect current project structure and commands (14 hours ago)
* 38d4df7 Complete OpTrack scan on 2025-05-07 (14 hours ago)
* a85b4da Start OpTrack scan on 2025-05-07 (14 hours ago)
=== Files Changed ===
bdb90af Merge remote-tracking branch 'origin/main' into auto-updates

b3dd4ed Update license year to 2025 only
M	LICENSE
5986848 Add MIT License
A	LICENSE
3b60a95 Update README to reflect current project structure and commands
M	README.md
38d4df7 Complete OpTrack scan on 2025-05-07
M	logs/scheduled_runs/auto-updates/run_20250507_170932.log
a85b4da Start OpTrack scan on 2025-05-07
A	logs/scheduled_runs/auto-updates/run_20250507_170932.log
