==== OpTrack Main Branch Merge ====
Date: 2025-05-07 16:29:48
From: origin/main
To: auto-updates
Number of commits to merge: 5

Merge succeeded

=== Merged Changes Summary ===
*   b53b0f6 Merge pull request #6 from tinalasisi/auto-updates (5 minutes ago)
|\  
| * 2e2f6cd Complete OpTrack scan on 2025-05-07 (6 minutes ago)
| * 0d9e08f Start OpTrack scan on 2025-05-07 (6 minutes ago)
* | c561b83 Merge pull request #5 from tinalasisi/auto-updates (7 minutes ago)
|\| 
| * c6f004c Complete OpTrack scan on 2025-05-07 (7 minutes ago)
| * 25a5486 Start OpTrack scan on 2025-05-07 (8 minutes ago)
| * b9e4fec Complete OpTrack scan on 2025-05-07 (9 minutes ago)
| * 562a329 Start OpTrack scan on 2025-05-07 (10 minutes ago)
* |   1577e43 Merge branch 'setup-cron' (8 minutes ago)
|\ \  
| |/  
|/|   
| * 04663ca Create run_20250507_161254.log (10 minutes ago)
| * a9ca845 Update run_on_autoupdates.sh to force add log files that might be ignored by .gitignore (10 minutes ago)
* | 1fb1252 Update .gitignore (23 minutes ago)
* | 6386bff Merge pull request #3 from tinalasisi/setup-cron (30 minutes ago)
|/  
* ee84ae1 Updated scheduler properly! (31 minutes ago)
* 455bd0f Tinkering some more (37 minutes ago)
* 7147736 Tinkering with scheduler (42 minutes ago)
* c4fa68a Updated logs (66 minutes ago)
* 7c31dee Improve branch management to handle logs on auto-updates branch only (67 minutes ago)
* bbcf60e Tinkering with scheduler (70 minutes ago)
* 5f10239 Added auto-updates branch testing system (82 minutes ago)
* 1018ed1 Test commit for branch system testing (83 minutes ago)
=== Files Changed ===
Updating 2e2f6cd..b53b0f6
Fast-forward
 logs/scheduled_runs/run_20250507_161254.log |  8 ++++++++
 scripts/run_on_autoupdates.sh               | 10 +++++-----
 2 files changed, 13 insertions(+), 5 deletions(-)
 create mode 100644 logs/scheduled_runs/run_20250507_161254.log
b53b0f6 Merge pull request #6 from tinalasisi/auto-updates

2e2f6cd Complete OpTrack scan on 2025-05-07
M	logs/scheduled_runs/run_20250507_162343.log
0d9e08f Start OpTrack scan on 2025-05-07
A	logs/scheduled_runs/run_20250507_162343.log
c561b83 Merge pull request #5 from tinalasisi/auto-updates

c6f004c Complete OpTrack scan on 2025-05-07
M	logs/scheduled_runs/run_20250507_162157.log
25a5486 Start OpTrack scan on 2025-05-07
A	logs/scheduled_runs/run_20250507_162157.log
1577e43 Merge branch 'setup-cron'

b9e4fec Complete OpTrack scan on 2025-05-07
M	logs/scheduled_runs/run_20250507_161947.log
562a329 Start OpTrack scan on 2025-05-07
A	logs/scheduled_runs/run_20250507_161947.log
04663ca Create run_20250507_161254.log
A	logs/scheduled_runs/run_20250507_161254.log
a9ca845 Update run_on_autoupdates.sh to force add log files that might be ignored by .gitignore
M	scripts/run_on_autoupdates.sh
1fb1252 Update .gitignore
M	.gitignore
6386bff Merge pull request #3 from tinalasisi/setup-cron

ee84ae1 Updated scheduler properly!
M	scripts/run_on_autoupdates.sh
M	utils/scrape_grants.py
455bd0f Tinkering some more
M	scripts/optrack_full.sh
M	scripts/optrack_incremental.sh
M	scripts/run_on_autoupdates.sh
7147736 Tinkering with scheduler
M	README.md
A	logs/scheduled_runs/run_20250507_152744.log
M	scripts/README.md
D	scripts/push_to_updates_branch.sh
A	scripts/run_on_autoupdates.sh
M	scripts/setup_cron.sh
M	scripts/setup_local_scheduler.sh
D	tests/test_branch_system.sh
M	utils/scrape_grants.py
c4fa68a Updated logs
A	logs/scheduled_runs/run_20250507_152203.log
A	logs/scheduled_runs/run_20250507_152255.log
7c31dee Improve branch management to handle logs on auto-updates branch only
M	scripts/optrack_full.sh
M	scripts/optrack_incremental.sh
M	scripts/push_to_updates_branch.sh
bbcf60e Tinkering with scheduler
A	logs/scheduled_runs/run_20250507_150925.log
A	logs/scheduled_runs/run_20250507_151327.log
A	logs/scheduled_runs/run_20250507_151856.log
M	scripts/optrack_full.sh
M	scripts/optrack_incremental.sh
M	scripts/push_to_updates_branch.sh
5f10239 Added auto-updates branch testing system
M	README.md
A	scripts/README.md
M	scripts/optrack_full.sh
M	scripts/optrack_incremental.sh
A	scripts/push_to_updates_branch.sh
A	tests/test_branch_system.sh
1018ed1 Test commit for branch system testing
M	tests/test_scripts.py
