# OpTrack Incremental Run Summary
# Started at Thu Jun  5 14:41:13 EDT 2025
# Output directory: output/db

Site: umich
  - Database: output/db/umich_grants.json
  - Initial grant count: 38

Site: umms
  - Database: output/db/umms_grants.json
  - Initial grant count: 49

// Copied scan_log.txt and grant_summary.txt to log directory
Results for umich:
  - Final grant count: 38
  - New grants found: 0
  - Removed grants: 0

Results for umms:
  - Final grant count: 59
  - New grants found: 10
  - Removed grants: 0

===== Overall Summary =====
Total new grants found: 10
Total removed grants: 0
Changes detected: Yes
Completed at: Thu Jun  5 14:42:59 EDT 2025
=== Database Changes ===
No new grants found in this scan.

=== Run Completed ===
End Time: 2025-06-05 14:42:59

=== Database Summary ===
=== OpTrack Database Statistics ===
Time: 2025-06-05 14:42:59
Environment: production

=== Summary ===
Total Sites: 2
Total Grants: 97
Total Seen IDs: 109
New Grants (Last Pull): 0
Pending Details: 12 (IDs seen but not in database)
Last Updated: 2025-06-05 14:42:58

=== Site Details ===
Site: umich
  Database Format: append_only
  Grants in Database: 38
  Seen IDs: 50
  Pending Details: 12 (IDs seen but not in database)
  Latest Pull:
    Total Found: 38
    New Grants: 0
    Timestamp: 2025-05-12 12:45:34
  Last Updated: 2025-05-12 12:45:34
  Storage (KB):
    Legacy JSON: 814.79
    JSONL Data: 1001.97
    Index: 1.02
    CSV: 814.76
    Total: 2632.54

Site: umms
  Database Format: append_only
  Grants in Database: 59
  Seen IDs: 59
  Latest Pull:
    Total Found: 59
    New Grants: 0
    Timestamp: 2025-06-05 14:42:58
  Last Updated: 2025-06-05 14:42:58
  Storage (KB):
    Legacy JSON: 1470.01
    JSONL Data: 1457.96
    Index: 1.18
    CSV: 1469.47
    Total: 4398.63


Total Duration: 00:01:47 (HH:MM:SS)
