# OpTrack Incremental Run Summary
# Started at Tue May 13 07:09:04 EDT 2025
# Output directory: output/db

Site: umich
  - Database: output/db/umich_grants.json
  - Initial grant count: 38

Site: umms
  - Database: output/db/umms_grants.json
  - Initial grant count: 49

// Copied scan_log.txt and grant_summary.txt to log directory
Results for umich:
  - Final grant count: 38
  - New grants found: 0
  - Removed grants: 0

Results for umms:
  - Final grant count: 49
  - New grants found: 0
  - Removed grants: 0

===== Overall Summary =====
Total new grants found: 0
Total removed grants: 0
Changes detected: No
Completed at: Tue May 13 07:10:59 EDT 2025
=== Database Changes ===
No new grants found in this scan.

=== Run Completed ===
End Time: 2025-05-13 07:10:59

=== Database Summary ===
=== OpTrack Database Statistics ===
Time: 2025-05-13 07:10:58
Environment: production

=== Summary ===
Total Sites: 2
Total Grants: 87
Total Seen IDs: 87
New Grants (Last Pull): 0
Pending Details: 0 (IDs seen but not in database)
Last Updated: 2025-05-12 12:45:34

=== Site Details ===
Site: umich
  Database Format: append_only
  Grants in Database: 38
  Seen IDs: 38
  Latest Pull:
    Total Found: 38
    New Grants: 0
    Timestamp: 2025-05-12 12:45:34
  Last Updated: 2025-05-12 12:45:34
  Storage (KB):
    Legacy JSON: 814.79
    JSONL Data: 804.71
    Index: 0.79
    CSV: 814.76
    Total: 2435.05

Site: umms
  Database Format: append_only
  Grants in Database: 49
  Seen IDs: 49
  Latest Pull:
    Total Found: 49
    New Grants: 0
    Timestamp: 2025-05-10 07:16:58
  Last Updated: 2025-05-10 07:16:58
  Storage (KB):
    Legacy JSON: 1256.68
    JSONL Data: 1246.86
    Index: 1.0
    CSV: 1256.13
    Total: 3760.67


Total Duration: 00:01:56 (HH:MM:SS)
